<?xml version="1.0" encoding="UTF-8"?>
<testsuites failures="0" name="dependency-check" tests="8">
        <testsuite failures="0" errors="0" time="0" id="0" name="/github/workspace/app.js" package="app.js" skipped="0" tests="1" timestamp="2026-04-25T12:57:34.455381444">
            <testcase classname="dependency-check" name="app.js"/>
    </testsuite>
        <testsuite failures="0" errors="0" time="0" id="1" name="/github/workspace/middleware/auth.js" package="auth.js" skipped="0" tests="1" timestamp="2026-04-25T12:57:34.455381444">
            <testcase classname="dependency-check" name="auth.js"/>
    </testsuite>
        <testsuite failures="0" errors="0" time="0" id="2" name="/github/workspace/config/db.js" package="db.js" skipped="0" tests="1" timestamp="2026-04-25T12:57:34.455381444">
            <testcase classname="dependency-check" name="db.js"/>
    </testsuite>
        <testsuite failures="0" errors="0" time="0" id="3" name="/github/workspace/public/js/educational-animation.js" package="educational-animation.js" skipped="0" tests="1" timestamp="2026-04-25T12:57:34.455381444">
            <testcase classname="dependency-check" name="educational-animation.js"/>
    </testsuite>
        <testsuite failures="0" errors="0" time="0" id="4" name="/github/workspace/routes/home.js" package="home.js" skipped="0" tests="1" timestamp="2026-04-25T12:57:34.455381444">
            <testcase classname="dependency-check" name="home.js"/>
    </testsuite>
        <testsuite failures="0" errors="0" time="0" id="5" name="/github/workspace/controllers/homeController.js" package="homeController.js" skipped="0" tests="1" timestamp="2026-04-25T12:57:34.455381444">
            <testcase classname="dependency-check" name="homeController.js"/>
    </testsuite>
        <testsuite failures="0" errors="0" time="0" id="6" name="/github/workspace/public/js/script.js" package="script.js" skipped="0" tests="1" timestamp="2026-04-25T12:57:34.455381444">
            <testcase classname="dependency-check" name="script.js"/>
    </testsuite>
        <testsuite failures="0" errors="0" time="0" id="7" name="/github/workspace/public/js/testimonial_Carousel.js" package="testimonial_Carousel.js" skipped="0" tests="1" timestamp="2026-04-25T12:57:34.455381444">
            <testcase classname="dependency-check" name="testimonial_Carousel.js"/>
    </testsuite>
</testsuites>